<?xml version="1.0" encoding="UTF-8"?>
<Site BuildName="(empty)"
	BuildStamp="20230627-1430-Experimental"
	Name="sebastian-pc"
	Generator="ctest-3.22.1"
	CompilerName="/usr/bin/g++"
	CompilerVersion="11.3.0"
	OSName="Linux"
	Hostname="sebastian-pc"
	OSRelease="5.19.0-45-generic"
	OSVersion="#46~22.04.1-Ubuntu SMP PREEMPT_DYNAMIC Wed Jun 7 15:06:04 UTC 20"
	OSPlatform="x86_64"
	Is64Bits="1"
	VendorString="AuthenticAMD"
	VendorID="Advanced Micro Devices"
	FamilyID="23"
	ModelID="24"
	ProcessorCacheSize="512"
	NumberOfLogicalCPU="8"
	NumberOfPhysicalCPU="4"
	TotalVirtualMemory="8684"
	TotalPhysicalMemory="13903"
	LogicalProcessorsPerPhysical="2"
	ProcessorClockFrequency="2473.77"
	>
	<Testing>
		<StartDateTime>Jun 27 16:30 CEST</StartDateTime>
		<StartTestTime>1687876224</StartTestTime>
		<TestList/>
		<EndDateTime>Jun 27 16:30 CEST</EndDateTime>
		<EndTestTime>1687876224</EndTestTime>
		<ElapsedMinutes>0</ElapsedMinutes>
	</Testing>
</Site>
