<?xml version="1.0" encoding="UTF-8"?>
<Site BuildName="(empty)"
	BuildStamp="20230614-0701-Experimental"
	Name="sebastian-pc"
	Generator="ctest-3.22.1"
	CompilerName="/usr/bin/g++"
	CompilerVersion="11.3.0"
	OSName="Linux"
	Hostname="sebastian-pc"
	OSRelease="5.19.0-43-generic"
	OSVersion="#44~22.04.1-Ubuntu SMP PREEMPT_DYNAMIC Mon May 22 13:39:36 UTC 2"
	OSPlatform="x86_64"
	Is64Bits="1"
	VendorString="AuthenticAMD"
	VendorID="Advanced Micro Devices"
	FamilyID="23"
	ModelID="24"
	ProcessorCacheSize="512"
	NumberOfLogicalCPU="8"
	NumberOfPhysicalCPU="4"
	TotalVirtualMemory="8684"
	TotalPhysicalMemory="13913"
	LogicalProcessorsPerPhysical="2"
	ProcessorClockFrequency="3642.88"
	>
	<Testing>
		<StartDateTime>Jun 14 09:01 CEST</StartDateTime>
		<StartTestTime>1686726109</StartTestTime>
		<TestList/>
		<EndDateTime>Jun 14 09:01 CEST</EndDateTime>
		<EndTestTime>1686726109</EndTestTime>
		<ElapsedMinutes>0</ElapsedMinutes>
	</Testing>
</Site>
